2025-04-20 17:50:20,149 - nhlapi.bot - INFO - Token loaded successfully.
2025-04-20 17:50:20,150 - nhlapi.bot - INFO - Bot started...
2025-04-20 17:50:22,268 - nhlapi.bot - INFO - Handlers registered...
2025-04-20 17:50:22,270 - nhlapi.bot - INFO - Run polling...
2025-04-20 18:24:21,462 - nhlapi.bot - INFO - Token loaded successfully.
2025-04-20 18:24:21,462 - nhlapi.bot - INFO - Bot started...
2025-04-20 18:24:22,611 - nhlapi.bot - INFO - Handlers registered...
2025-04-20 18:24:22,611 - nhlapi.bot - INFO - Run polling...
2025-04-20 18:27:39,161 - nhlapi.bot - INFO - Token loaded successfully.
2025-04-20 18:27:39,162 - nhlapi.bot - INFO - Bot started...
2025-04-20 18:27:40,219 - nhlapi.bot - INFO - Handlers registered...
2025-04-20 18:27:40,221 - nhlapi.bot - INFO - Run polling...
2025-04-20 18:27:41,885 - nhlapi.bot - INFO - Recieved '/start' 
2025-04-20 18:30:43,955 - nhlapi.bot - INFO - Token loaded successfully.
2025-04-20 18:30:43,956 - nhlapi.bot - INFO - Bot started...
2025-04-20 18:30:44,903 - nhlapi.bot - INFO - Handlers registered...
2025-04-20 18:30:44,904 - nhlapi.bot - INFO - Run polling...
2025-04-20 18:30:47,539 - nhlapi.bot - INFO - Recieved '/start' command
2025-04-20 18:37:40,878 - nhlapi.bot - INFO - Token loaded successfully.
2025-04-20 18:37:40,878 - nhlapi.bot - INFO - Bot started...
2025-04-20 18:37:42,078 - nhlapi.bot - INFO - Handlers registered...
2025-04-20 18:37:42,078 - nhlapi.bot - INFO - Run polling...
2025-04-20 18:37:44,647 - nhlapi.bot - INFO - Recieved '/start' command
2025-04-20 18:42:07,398 - nhlapi.bot - INFO - Token loaded successfully.
2025-04-20 18:42:07,398 - nhlapi.bot - INFO - Bot started...
2025-04-20 18:42:08,344 - nhlapi.bot - INFO - Handlers registered...
2025-04-20 18:42:08,345 - nhlapi.bot - INFO - Run polling...
2025-04-20 18:42:12,318 - nhlapi.bot - INFO - Recieved '/start' command
2025-04-20 18:42:24,625 - nhlapi.bot - INFO - Recieved '/start' command
2025-04-20 18:42:46,482 - nhlapi.bot - INFO - Token loaded successfully.
2025-04-20 18:42:46,483 - nhlapi.bot - INFO - Bot started...
2025-04-20 18:42:47,451 - nhlapi.bot - INFO - Handlers registered...
2025-04-20 18:42:47,451 - nhlapi.bot - INFO - Run polling...
2025-04-20 18:42:50,526 - nhlapi.bot - INFO - Recieved '/start' command
2025-04-20 19:03:58,032 - nhlapi.bot - INFO - Token loaded successfully.
2025-04-20 19:03:58,032 - nhlapi.bot - INFO - Bot started...
2025-04-20 19:03:59,025 - nhlapi.bot - INFO - Handlers registered...
2025-04-20 19:03:59,025 - nhlapi.bot - INFO - Run polling...
2025-04-20 19:04:01,978 - nhlapi.bot - INFO - Recieved '/start' command
2025-04-20 19:04:22,225 - nhlapi.bot - INFO - Recieved '/start' command
